Removed Pin From Net: NetName=+3.3V Pin=C13-2
Removed Pin From Net: NetName=+3.3V Pin=C15-2
Removed Pin From Net: NetName=+3.3V Pin=C16-2
Removed Pin From Net: NetName=+3.3V Pin=CN3-2
Removed Pin From Net: NetName=+3.3V Pin=D4-1
Removed Pin From Net: NetName=+3.3V Pin=D4-2
Removed Pin From Net: NetName=+3.3V Pin=D5-1
Removed Pin From Net: NetName=+3.3V Pin=D5-2
Removed Pin From Net: NetName=+3.3V Pin=IC3-14
Removed Pin From Net: NetName=NetIC3_9 Pin=IC4-4
Removed Pin From Net: NetName=NetIC3_3 Pin=IC5-4
Removed Pin From Net: NetName=NetIC3_5 Pin=IC6-4
Removed Pin From Net: NetName=NetIC3_13 Pin=IC8-4
Removed Pin From Net: NetName=NetIC3_11 Pin=IC9-4
Removed Pin From Net: NetName=NetIC3_4 Pin=M3-2
Removed Pin From Net: NetName=NetIC3_6 Pin=M3-3
Removed Pin From Net: NetName=NetIC3_12 Pin=M3-4
Removed Pin From Net: NetName=NetIC3_10 Pin=M3-5
Removed Pin From Net: NetName=NetIC3_8 Pin=M3-6
Removed Pin From Net: NetName=+3.3V Pin=M3-7
Removed Pin From Net: NetName=+3.3V Pin=R1-2
Removed Pin From Net: NetName=NetIC3_9 Pin=R2-1
Removed Pin From Net: NetName=+3.3V Pin=R2-2
Removed Pin From Net: NetName=NetIC3_3 Pin=R3-1
Removed Pin From Net: NetName=+3.3V Pin=R3-2
Removed Pin From Net: NetName=NetIC3_5 Pin=R4-1
Removed Pin From Net: NetName=+3.3V Pin=R4-2
Removed Pin From Net: NetName=NetIC3_13 Pin=R5-1
Removed Pin From Net: NetName=+3.3V Pin=R5-2
Removed Pin From Net: NetName=NetIC3_11 Pin=R6-1
Removed Pin From Net: NetName=+3.3V Pin=R6-2
Added Pin To Net: NetName=GND Pin=C12-1
Added Pin To Net: NetName=NetIC3_3 Pin=IC4-4
Added Pin To Net: NetName=NetIC3_5 Pin=IC5-4
Added Pin To Net: NetName=NetIC3_9 Pin=IC6-4
Added Pin To Net: NetName=NetIC3_11 Pin=IC8-4
Added Pin To Net: NetName=NetIC3_13 Pin=IC9-4
Added Pin To Net: NetName=NetIC3_6 Pin=M3-2
Added Pin To Net: NetName=NetIC3_8 Pin=M3-3
Added Pin To Net: NetName=NetIC3_10 Pin=M3-4
Added Pin To Net: NetName=NetIC3_12 Pin=M3-5
Added Pin To Net: NetName=NetIC3_4 Pin=M3-6
Added Pin To Net: NetName=NetIC3_3 Pin=R2-1
Added Pin To Net: NetName=NetIC3_5 Pin=R3-1
Added Pin To Net: NetName=NetIC3_9 Pin=R4-1
Added Pin To Net: NetName=NetIC3_11 Pin=R5-1
Added Pin To Net: NetName=NetIC3_13 Pin=R6-1
Added Pin To Net: NetName=+5V Pin=C12-2
Added Pin To Net: NetName=+5V Pin=C13-2
Added Pin To Net: NetName=+5V Pin=C15-2
Added Pin To Net: NetName=+5V Pin=C16-2
Added Pin To Net: NetName=+5V Pin=CN3-2
Added Pin To Net: NetName=+5V Pin=D4-1
Added Pin To Net: NetName=+5V Pin=D4-2
Added Pin To Net: NetName=+5V Pin=D5-1
Added Pin To Net: NetName=+5V Pin=D5-2
Added Pin To Net: NetName=+5V Pin=IC3-14
Added Pin To Net: NetName=+5V Pin=M3-7
Added Pin To Net: NetName=+5V Pin=R1-2
Added Pin To Net: NetName=+5V Pin=R2-2
Added Pin To Net: NetName=+5V Pin=R3-2
Added Pin To Net: NetName=+5V Pin=R4-2
Added Pin To Net: NetName=+5V Pin=R5-2
Added Pin To Net: NetName=+5V Pin=R6-2
Added Net: Name=+5V
Added Member To Class: ClassName=Sheet1 Member=Component D4 SS14
Added Member To Class: ClassName=Sheet1 Member=Component D5 SS14
