Removed Pin From Net: NetName=+3.3V Pin=C13-2
Removed Pin From Net: NetName=+3.3V Pin=C15-2
Removed Pin From Net: NetName=+3.3V Pin=C16-2
Removed Pin From Net: NetName=+3.3V Pin=CN3-2
Removed Pin From Net: NetName=+3.3V Pin=D4-1
Removed Pin From Net: NetName=+3.3V Pin=D4-2
Removed Pin From Net: NetName=+3.3V Pin=D5-1
Removed Pin From Net: NetName=+3.3V Pin=D5-2
Removed Pin From Net: NetName=+3.3V Pin=IC3-14
Removed Pin From Net: NetName=+3.3V Pin=M3-7
Removed Pin From Net: NetName=+3.3V Pin=R1-2
Removed Pin From Net: NetName=+3.3V Pin=R2-2
Removed Pin From Net: NetName=+3.3V Pin=R3-2
Removed Pin From Net: NetName=+3.3V Pin=R4-2
Removed Pin From Net: NetName=+3.3V Pin=R5-2
Removed Pin From Net: NetName=+3.3V Pin=R6-2
Added Pin To Net: NetName=GND Pin=C12-1
Added Pin To Net: NetName=+5V Pin=C12-2
Added Pin To Net: NetName=+5V Pin=C13-2
Added Pin To Net: NetName=+5V Pin=C15-2
Added Pin To Net: NetName=+5V Pin=C16-2
Added Pin To Net: NetName=+5V Pin=CN3-2
Added Pin To Net: NetName=+5V Pin=IC3-14
Added Pin To Net: NetName=+5V Pin=M3-7
Added Pin To Net: NetName=+5V Pin=R1-2
Added Pin To Net: NetName=+5V Pin=R2-2
Added Pin To Net: NetName=+5V Pin=R3-2
Added Pin To Net: NetName=+5V Pin=R4-2
Added Pin To Net: NetName=+5V Pin=R5-2
Added Pin To Net: NetName=+5V Pin=R6-2
Added Net: Name=+5V
Added Member To Class: ClassName=Sheet1 Member=Component C12 104
