Added Pin To Net: NetName=+3.3V Pin=C1-2
Added Pin To Net: NetName=+3.3V Pin=C2-2
Added Pin To Net: NetName=+3.3V Pin=C3-2
Added Pin To Net: NetName=+3.3V Pin=C4-2
Added Pin To Net: NetName=+3.3V Pin=C5-1
Added Pin To Net: NetName=+3.3V Pin=C6-2
Added Pin To Net: NetName=+3.3V Pin=C9-2
Added Pin To Net: NetName=+3.3V Pin=IC1-10
Added Pin To Net: NetName=+3.3V Pin=IC1-16
Added Pin To Net: NetName=+3.3V Pin=IC7-10
Added Pin To Net: NetName=+3.3V Pin=IC7-16
Added Pin To Net: NetName=+3.3V Pin=IC11-14
Added Pin To Net: NetName=+3.3V Pin=M1-1
Added Pin To Net: NetName=+3.3V Pin=M2-2
Added Pin To Net: NetName=+3.3V Pin=R13-2
Added Pin To Net: NetName=+3.3V Pin=R14-2
Added Pin To Net: NetName=+3.3V Pin=R21-2
Added Pin To Net: NetName=+3.3V Pin=R24-1
Added Pin To Net: NetName=+3.3V Pin=R24-2
Added Pin To Net: NetName=+3.3V Pin=U1-16
Added Net: Name=+3.3V
Added Pin To Net: NetName=+5V Pin=C12-2
Added Pin To Net: NetName=+5V Pin=C13-2
Added Pin To Net: NetName=+5V Pin=C15-2
Added Pin To Net: NetName=+5V Pin=C16-2
Added Pin To Net: NetName=+5V Pin=CN3-2
Added Pin To Net: NetName=+5V Pin=D4-1
Added Pin To Net: NetName=+5V Pin=D4-2
Added Pin To Net: NetName=+5V Pin=D5-1
Added Pin To Net: NetName=+5V Pin=D5-2
Added Pin To Net: NetName=+5V Pin=IC3-14
Added Pin To Net: NetName=+5V Pin=M3-7
Added Pin To Net: NetName=+5V Pin=R1-2
Added Pin To Net: NetName=+5V Pin=R2-2
Added Pin To Net: NetName=+5V Pin=R3-2
Added Pin To Net: NetName=+5V Pin=R4-2
Added Pin To Net: NetName=+5V Pin=R5-2
Added Pin To Net: NetName=+5V Pin=R6-2
Added Net: Name=+5V
Added Pin To Net: NetName=+12V Pin=C14-1
Added Pin To Net: NetName=+12V Pin=C18-1
Added Pin To Net: NetName=+12V Pin=C21-1
Added Pin To Net: NetName=+12V Pin=C22-1
Added Pin To Net: NetName=+12V Pin=CN4-1
Added Pin To Net: NetName=+12V Pin=D2-2
Added Pin To Net: NetName=+12V Pin=D3-2
Added Pin To Net: NetName=+12V Pin=F1-2
Added Pin To Net: NetName=+12V Pin=F1-2
Added Pin To Net: NetName=+12V Pin=M3-9
Added Pin To Net: NetName=+12V Pin=R19-2
Added Pin To Net: NetName=+12V Pin=U3-1
Added Net: Name=+12V
Added Pin To Net: NetName=CAM_SERVO Pin=IC1-7
Added Pin To Net: NetName=CAM_SERVO Pin=R15-2
Added Net: Name=CAM_SERVO
Added Pin To Net: NetName=CE_NRF Pin=M2-3
Added Pin To Net: NetName=CE_NRF Pin=U1-30
Added Net: Name=CE_NRF
Added Pin To Net: NetName=CSN_NRF Pin=M2-4
Added Net: Name=CSN_NRF
Added Pin To Net: NetName=D0 Pin=M1-16
Added Pin To Net: NetName=D0 Pin=U1-6
Added Net: Name=D0
Added Pin To Net: NetName=D1 Pin=M1-15
Added Pin To Net: NetName=D1 Pin=U1-7
Added Net: Name=D1
Added Pin To Net: NetName=D2 Pin=M1-14
Added Pin To Net: NetName=D2 Pin=U1-5
Added Net: Name=D2
Added Pin To Net: NetName=D3 Pin=M1-13
Added Pin To Net: NetName=D3 Pin=U1-8
Added Net: Name=D3
Added Pin To Net: NetName=D4 Pin=M1-12
Added Pin To Net: NetName=D4 Pin=U1-4
Added Net: Name=D4
Added Pin To Net: NetName=D5 Pin=M1-11
Added Pin To Net: NetName=D5 Pin=U1-9
Added Net: Name=D5
Added Pin To Net: NetName=D6 Pin=M1-10
Added Pin To Net: NetName=D6 Pin=U1-3
Added Net: Name=D6
Added Pin To Net: NetName=D7 Pin=M1-9
Added Pin To Net: NetName=D7 Pin=U1-10
Added Net: Name=D7
Added Pin To Net: NetName=EXT_A Pin=IC7-15
Added Net: Name=EXT_A
Added Pin To Net: NetName=EXT_B Pin=IC7-1
Added Net: Name=EXT_B
Added Pin To Net: NetName=EXT_C Pin=IC7-2
Added Net: Name=EXT_C
Added Pin To Net: NetName=EXT_D Pin=IC7-3
Added Net: Name=EXT_D
Added Pin To Net: NetName=EXT_E Pin=CN5-5
Added Pin To Net: NetName=EXT_E Pin=IC7-4
Added Net: Name=EXT_E
Added Pin To Net: NetName=EXT_F Pin=CN5-6
Added Pin To Net: NetName=EXT_F Pin=IC7-5
Added Net: Name=EXT_F
Added Pin To Net: NetName=EXT_G Pin=CN5-7
Added Pin To Net: NetName=EXT_G Pin=IC7-7
Added Net: Name=EXT_G
Added Pin To Net: NetName=EXT_H Pin=CN5-8
Added Pin To Net: NetName=EXT_H Pin=IC7-6
Added Net: Name=EXT_H
Added Pin To Net: NetName=GND Pin=B1-1
Added Pin To Net: NetName=GND Pin=B2-1
Added Pin To Net: NetName=GND Pin=B3-1
Added Pin To Net: NetName=GND Pin=B4-1
Added Pin To Net: NetName=GND Pin=C1-1
Added Pin To Net: NetName=GND Pin=C2-1
Added Pin To Net: NetName=GND Pin=C3-1
Added Pin To Net: NetName=GND Pin=C4-1
Added Pin To Net: NetName=GND Pin=C5-2
Added Pin To Net: NetName=GND Pin=C6-1
Added Pin To Net: NetName=GND Pin=C9-1
Added Pin To Net: NetName=GND Pin=C12-1
Added Pin To Net: NetName=GND Pin=C13-1
Added Pin To Net: NetName=GND Pin=C14-2
Added Pin To Net: NetName=GND Pin=C15-1
Added Pin To Net: NetName=GND Pin=C16-1
Added Pin To Net: NetName=GND Pin=C17-1
Added Pin To Net: NetName=GND Pin=C18-2
Added Pin To Net: NetName=GND Pin=C20-2
Added Pin To Net: NetName=GND Pin=C21-2
Added Pin To Net: NetName=GND Pin=C22-2
Added Pin To Net: NetName=GND Pin=CN3-3
Added Pin To Net: NetName=GND Pin=CN5-1
Added Pin To Net: NetName=GND Pin=CN5-2
Added Pin To Net: NetName=GND Pin=CN5-3
Added Pin To Net: NetName=GND Pin=CN5-4
Added Pin To Net: NetName=GND Pin=CN6-2
Added Pin To Net: NetName=GND Pin=D2-1
Added Pin To Net: NetName=GND Pin=D3-1
Added Pin To Net: NetName=GND Pin=IC1-8
Added Pin To Net: NetName=GND Pin=IC1-13
Added Pin To Net: NetName=GND Pin=IC2-2
Added Pin To Net: NetName=GND Pin=IC2-3
Added Pin To Net: NetName=GND Pin=IC3-7
Added Pin To Net: NetName=GND Pin=IC4-2
Added Pin To Net: NetName=GND Pin=IC4-3
Added Pin To Net: NetName=GND Pin=IC5-2
Added Pin To Net: NetName=GND Pin=IC5-3
Added Pin To Net: NetName=GND Pin=IC6-2
Added Pin To Net: NetName=GND Pin=IC6-3
Added Pin To Net: NetName=GND Pin=IC7-8
Added Pin To Net: NetName=GND Pin=IC7-13
Added Pin To Net: NetName=GND Pin=IC8-2
Added Pin To Net: NetName=GND Pin=IC8-3
Added Pin To Net: NetName=GND Pin=IC9-2
Added Pin To Net: NetName=GND Pin=IC9-3
Added Pin To Net: NetName=GND Pin=IC10-2
Added Pin To Net: NetName=GND Pin=IC10-3
Added Pin To Net: NetName=GND Pin=IC11-7
Added Pin To Net: NetName=GND Pin=IC12-2
Added Pin To Net: NetName=GND Pin=IC12-3
Added Pin To Net: NetName=GND Pin=LED1-2
Added Pin To Net: NetName=GND Pin=LED2-2
Added Pin To Net: NetName=GND Pin=LED3-2
Added Pin To Net: NetName=GND Pin=M1-2
Added Pin To Net: NetName=GND Pin=M2-1
Added Pin To Net: NetName=GND Pin=M3-8
Added Pin To Net: NetName=GND Pin=Q1-2
Added Pin To Net: NetName=GND Pin=R18-1
Added Pin To Net: NetName=GND Pin=R23-1
Added Pin To Net: NetName=GND Pin=R23-2
Added Pin To Net: NetName=GND Pin=U1-14
Added Pin To Net: NetName=GND Pin=U1-17
Added Pin To Net: NetName=GND Pin=U3-2
Added Pin To Net: NetName=GND Pin=U3-3
Added Net: Name=GND
Added Pin To Net: NetName=HS Pin=M1-6
Added Pin To Net: NetName=HS Pin=U1-19
Added Net: Name=HS
Added Pin To Net: NetName=LED Pin=IC1-6
Added Pin To Net: NetName=LED Pin=R16-2
Added Net: Name=LED
Added Pin To Net: NetName=ML_A Pin=IC1-4
Added Pin To Net: NetName=ML_A Pin=R9-2
Added Net: Name=ML_A
Added Pin To Net: NetName=ML_B Pin=IC1-3
Added Pin To Net: NetName=ML_B Pin=R10-2
Added Net: Name=ML_B
Added Pin To Net: NetName=ML_PWM Pin=IC1-5
Added Pin To Net: NetName=ML_PWM Pin=R7-2
Added Net: Name=ML_PWM
Added Pin To Net: NetName=MLA Pin=C7-2
Added Pin To Net: NetName=MLA Pin=CN1-1
Added Pin To Net: NetName=MLA Pin=M3-10
Added Net: Name=MLA
Added Pin To Net: NetName=MLB Pin=C7-1
Added Pin To Net: NetName=MLB Pin=CN1-2
Added Pin To Net: NetName=MLB Pin=M3-11
Added Net: Name=MLB
Added Pin To Net: NetName=MOSI_NRF Pin=M2-6
Added Pin To Net: NetName=MOSI_NRF Pin=M2-7
Added Pin To Net: NetName=MOSI_NRF Pin=U1-22
Added Pin To Net: NetName=MOSI_NRF Pin=U1-23
Added Net: Name=MOSI_NRF
Added Pin To Net: NetName=MR_A Pin=IC1-2
Added Pin To Net: NetName=MR_A Pin=R11-2
Added Net: Name=MR_A
Added Pin To Net: NetName=MR_B Pin=IC1-1
Added Pin To Net: NetName=MR_B Pin=R12-2
Added Net: Name=MR_B
Added Pin To Net: NetName=MR_PWM Pin=IC1-15
Added Pin To Net: NetName=MR_PWM Pin=R8-2
Added Net: Name=MR_PWM
Added Pin To Net: NetName=MRA Pin=C8-2
Added Pin To Net: NetName=MRA Pin=CN2-1
Added Pin To Net: NetName=MRA Pin=M3-12
Added Net: Name=MRA
Added Pin To Net: NetName=MRB Pin=C8-1
Added Pin To Net: NetName=MRB Pin=CN2-2
Added Pin To Net: NetName=MRB Pin=M3-13
Added Net: Name=MRB
Added Pin To Net: NetName=NetC20_1 Pin=C20-1
Added Pin To Net: NetName=NetC20_1 Pin=L1-1
Added Pin To Net: NetName=NetC20_1 Pin=U3-4
Added Net: Name=NetC20_1
Added Pin To Net: NetName=NetCN3_1 Pin=CN3-1
Added Pin To Net: NetName=NetCN3_1 Pin=IC11-10
Added Net: Name=NetCN3_1
Added Pin To Net: NetName=NetCN4_2 Pin=CN4-2
Added Pin To Net: NetName=NetCN4_2 Pin=Q1-3
Added Net: Name=NetCN4_2
Added Pin To Net: NetName=NetCN6_1 Pin=CN6-1
Added Pin To Net: NetName=NetCN6_1 Pin=F1-1
Added Pin To Net: NetName=NetCN6_1 Pin=F1-1
Added Net: Name=NetCN6_1
Added Pin To Net: NetName=NetD1_2 Pin=D1-2
Added Pin To Net: NetName=NetD1_2 Pin=U1-15
Added Net: Name=NetD1_2
Added Pin To Net: NetName=NetIC1_9 Pin=IC1-9
Added Pin To Net: NetName=NetIC1_9 Pin=IC7-14
Added Net: Name=NetIC1_9
Added Pin To Net: NetName=NetIC2_1 Pin=IC2-1
Added Pin To Net: NetName=NetIC2_1 Pin=R7-1
Added Net: Name=NetIC2_1
Added Pin To Net: NetName=NetIC2_4 Pin=IC2-4
Added Pin To Net: NetName=NetIC2_4 Pin=IC3-1
Added Pin To Net: NetName=NetIC2_4 Pin=R1-1
Added Net: Name=NetIC2_4
Added Pin To Net: NetName=NetIC3_2 Pin=IC3-2
Added Pin To Net: NetName=NetIC3_2 Pin=M3-1
Added Net: Name=NetIC3_2
Added Pin To Net: NetName=NetIC3_3 Pin=IC3-3
Added Pin To Net: NetName=NetIC3_3 Pin=IC5-4
Added Pin To Net: NetName=NetIC3_3 Pin=R3-1
Added Net: Name=NetIC3_3
Added Pin To Net: NetName=NetIC3_4 Pin=IC3-4
Added Pin To Net: NetName=NetIC3_4 Pin=M3-2
Added Net: Name=NetIC3_4
Added Pin To Net: NetName=NetIC3_5 Pin=IC3-5
Added Pin To Net: NetName=NetIC3_5 Pin=IC6-4
Added Pin To Net: NetName=NetIC3_5 Pin=R4-1
Added Net: Name=NetIC3_5
Added Pin To Net: NetName=NetIC3_6 Pin=IC3-6
Added Pin To Net: NetName=NetIC3_6 Pin=M3-3
Added Net: Name=NetIC3_6
Added Pin To Net: NetName=NetIC3_8 Pin=IC3-8
Added Pin To Net: NetName=NetIC3_8 Pin=M3-6
Added Net: Name=NetIC3_8
Added Pin To Net: NetName=NetIC3_9 Pin=IC3-9
Added Pin To Net: NetName=NetIC3_9 Pin=IC4-4
Added Pin To Net: NetName=NetIC3_9 Pin=R2-1
Added Net: Name=NetIC3_9
Added Pin To Net: NetName=NetIC3_10 Pin=IC3-10
Added Pin To Net: NetName=NetIC3_10 Pin=M3-5
Added Net: Name=NetIC3_10
Added Pin To Net: NetName=NetIC3_11 Pin=IC3-11
Added Pin To Net: NetName=NetIC3_11 Pin=IC9-4
Added Pin To Net: NetName=NetIC3_11 Pin=R6-1
Added Net: Name=NetIC3_11
Added Pin To Net: NetName=NetIC3_12 Pin=IC3-12
Added Pin To Net: NetName=NetIC3_12 Pin=M3-4
Added Net: Name=NetIC3_12
Added Pin To Net: NetName=NetIC3_13 Pin=IC3-13
Added Pin To Net: NetName=NetIC3_13 Pin=IC8-4
Added Pin To Net: NetName=NetIC3_13 Pin=R5-1
Added Net: Name=NetIC3_13
Added Pin To Net: NetName=NetIC4_1 Pin=IC4-1
Added Pin To Net: NetName=NetIC4_1 Pin=R8-1
Added Net: Name=NetIC4_1
Added Pin To Net: NetName=NetIC5_1 Pin=IC5-1
Added Pin To Net: NetName=NetIC5_1 Pin=R9-1
Added Net: Name=NetIC5_1
Added Pin To Net: NetName=NetIC6_1 Pin=IC6-1
Added Pin To Net: NetName=NetIC6_1 Pin=R10-1
Added Net: Name=NetIC6_1
Added Pin To Net: NetName=NetIC8_1 Pin=IC8-1
Added Pin To Net: NetName=NetIC8_1 Pin=R11-1
Added Net: Name=NetIC8_1
Added Pin To Net: NetName=NetIC9_1 Pin=IC9-1
Added Pin To Net: NetName=NetIC9_1 Pin=R12-1
Added Net: Name=NetIC9_1
Added Pin To Net: NetName=NetIC10_1 Pin=IC10-1
Added Pin To Net: NetName=NetIC10_1 Pin=R15-1
Added Net: Name=NetIC10_1
Added Pin To Net: NetName=NetIC10_4 Pin=IC10-4
Added Pin To Net: NetName=NetIC10_4 Pin=IC11-11
Added Pin To Net: NetName=NetIC10_4 Pin=R13-1
Added Net: Name=NetIC10_4
Added Pin To Net: NetName=NetIC11_12 Pin=IC11-12
Added Pin To Net: NetName=NetIC11_12 Pin=R17-1
Added Pin To Net: NetName=NetIC11_12 Pin=R18-2
Added Net: Name=NetIC11_12
Added Pin To Net: NetName=NetIC11_13 Pin=IC11-13
Added Pin To Net: NetName=NetIC11_13 Pin=IC12-4
Added Pin To Net: NetName=NetIC11_13 Pin=R14-1
Added Net: Name=NetIC11_13
Added Pin To Net: NetName=NetIC12_1 Pin=IC12-1
Added Pin To Net: NetName=NetIC12_1 Pin=R16-1
Added Net: Name=NetIC12_1
Added Pin To Net: NetName=NetLED1_1 Pin=LED1-1
Added Pin To Net: NetName=NetLED1_1 Pin=R19-1
Added Net: Name=NetLED1_1
Added Pin To Net: NetName=NetLED2_1 Pin=LED2-1
Added Pin To Net: NetName=NetLED2_1 Pin=R20-1
Added Net: Name=NetLED2_1
Added Pin To Net: NetName=NetLED3_1 Pin=LED3-1
Added Pin To Net: NetName=NetLED3_1 Pin=R21-1
Added Net: Name=NetLED3_1
Added Pin To Net: NetName=NetQ1_1 Pin=Q1-1
Added Pin To Net: NetName=NetQ1_1 Pin=R17-2
Added Net: Name=NetQ1_1
Added Pin To Net: NetName=PL Pin=M1-7
Added Pin To Net: NetName=PL Pin=U1-11
Added Net: Name=PL
Added Pin To Net: NetName=RCLK Pin=IC1-12
Added Pin To Net: NetName=RCLK Pin=IC7-12
Added Pin To Net: NetName=RCLK Pin=U1-24
Added Net: Name=RCLK
Added Pin To Net: NetName=SCK_NRF Pin=M2-5
Added Pin To Net: NetName=SCK_NRF Pin=U1-21
Added Net: Name=SCK_NRF
Added Pin To Net: NetName=SCL_CAM Pin=M1-3
Added Pin To Net: NetName=SCL_CAM Pin=U1-13
Added Net: Name=SCL_CAM
Added Pin To Net: NetName=SDA_CAM Pin=M1-4
Added Pin To Net: NetName=SDA_CAM Pin=U1-20
Added Net: Name=SDA_CAM
Added Pin To Net: NetName=SER Pin=IC1-14
Added Pin To Net: NetName=SER Pin=U1-26
Added Net: Name=SER
Added Pin To Net: NetName=SRCLK Pin=IC1-11
Added Pin To Net: NetName=SRCLK Pin=IC7-11
Added Pin To Net: NetName=SRCLK Pin=R22-1
Added Pin To Net: NetName=SRCLK Pin=R22-2
Added Pin To Net: NetName=SRCLK Pin=U1-25
Added Net: Name=SRCLK
Added Pin To Net: NetName=V_ESPU Pin=C17-2
Added Pin To Net: NetName=V_ESPU Pin=D1-1
Added Pin To Net: NetName=V_ESPU Pin=L1-2
Added Pin To Net: NetName=V_ESPU Pin=R20-2
Added Net: Name=V_ESPU
Added Pin To Net: NetName=VS Pin=M1-5
Added Pin To Net: NetName=VS Pin=U1-12
Added Net: Name=VS
Added Pin To Net: NetName=XCLK_CAM Pin=M1-8
Added Pin To Net: NetName=XCLK_CAM Pin=U1-18
Added Net: Name=XCLK_CAM
