Removed Pin From Net: NetName=NetIC3_3 Pin=IC4-4
Removed Pin From Net: NetName=NetIC3_5 Pin=IC5-4
Removed Pin From Net: NetName=NetIC3_9 Pin=IC6-4
Removed Pin From Net: NetName=NetIC3_11 Pin=IC8-4
Removed Pin From Net: NetName=NetIC3_13 Pin=IC9-4
Removed Pin From Net: NetName=NetIC3_6 Pin=M3-2
Removed Pin From Net: NetName=NetIC3_8 Pin=M3-3
Removed Pin From Net: NetName=NetIC3_10 Pin=M3-4
Removed Pin From Net: NetName=NetIC3_12 Pin=M3-5
Removed Pin From Net: NetName=NetIC3_4 Pin=M3-6
Removed Pin From Net: NetName=NetIC3_3 Pin=R2-1
Removed Pin From Net: NetName=NetIC3_5 Pin=R3-1
Removed Pin From Net: NetName=NetIC3_9 Pin=R4-1
Removed Pin From Net: NetName=NetIC3_11 Pin=R5-1
Removed Pin From Net: NetName=NetIC3_13 Pin=R6-1
Change Component Designator: OldDesignator=D4 NewDesignator=D?
Change Component Designator: OldDesignator=D5 NewDesignator=D?
Added Pin To Net: NetName=NetIC3_9 Pin=IC4-4
Added Pin To Net: NetName=NetIC3_3 Pin=IC5-4
Added Pin To Net: NetName=NetIC3_5 Pin=IC6-4
Added Pin To Net: NetName=NetIC3_13 Pin=IC8-4
Added Pin To Net: NetName=NetIC3_11 Pin=IC9-4
Added Pin To Net: NetName=NetIC3_4 Pin=M3-2
Added Pin To Net: NetName=NetIC3_6 Pin=M3-3
Added Pin To Net: NetName=NetIC3_12 Pin=M3-4
Added Pin To Net: NetName=NetIC3_10 Pin=M3-5
Added Pin To Net: NetName=NetIC3_8 Pin=M3-6
Added Pin To Net: NetName=NetIC3_9 Pin=R2-1
Added Pin To Net: NetName=NetIC3_3 Pin=R3-1
Added Pin To Net: NetName=NetIC3_5 Pin=R4-1
Added Pin To Net: NetName=NetIC3_13 Pin=R5-1
Added Pin To Net: NetName=NetIC3_11 Pin=R6-1
