Replace Part C1 Cap-Non-Dip in E:\NEW_DATA\Project\RCC_MOTOR_NRF24L01\Sheet1.SchDoc with Cap-Non-Dip from Library.IntLib
Replace Part C2 Cap-Pol-Dip in E:\NEW_DATA\Project\RCC_MOTOR_NRF24L01\Sheet1.SchDoc with Cap-Pol-Dip from Library.IntLib
Replace Part C3 Cap-Non-Dip in E:\NEW_DATA\Project\RCC_MOTOR_NRF24L01\Sheet1.SchDoc with Cap-Non-Dip from Library.IntLib
Replace Part C4 Cap-Pol-Dip in E:\NEW_DATA\Project\RCC_MOTOR_NRF24L01\Sheet1.SchDoc with Cap-Pol-Dip from Library.IntLib
Replace Part C5 Cap-Pol-Dip in E:\NEW_DATA\Project\RCC_MOTOR_NRF24L01\Sheet1.SchDoc with Cap-Pol-Dip from Library.IntLib
Replace Part C6 Cap-Non-Dip in E:\NEW_DATA\Project\RCC_MOTOR_NRF24L01\Sheet1.SchDoc with Cap-Non-Dip from Library.IntLib
Replace Part C7 Cap-Non-Dip in E:\NEW_DATA\Project\RCC_MOTOR_NRF24L01\Sheet1.SchDoc with Cap-Non-Dip from Library.IntLib
Replace Part C8 Cap-Non-Dip in E:\NEW_DATA\Project\RCC_MOTOR_NRF24L01\Sheet1.SchDoc with Cap-Non-Dip from Library.IntLib
Replace Part C9 Cap-Pol-Dip in E:\NEW_DATA\Project\RCC_MOTOR_NRF24L01\Sheet1.SchDoc with Cap-Pol-Dip from Library.IntLib
Replace Part C10 Cap-Pol-Dip in E:\NEW_DATA\Project\RCC_MOTOR_NRF24L01\Sheet1.SchDoc with Cap-Pol-Dip from Library.IntLib
Replace Part C11 Cap-Non-Dip in E:\NEW_DATA\Project\RCC_MOTOR_NRF24L01\Sheet1.SchDoc with Cap-Non-Dip from Library.IntLib
Replace Part C12 Cap-Non-Dip in E:\NEW_DATA\Project\RCC_MOTOR_NRF24L01\Sheet1.SchDoc with Cap-Non-Dip from Library.IntLib
Replace Part C13 Cap-Non-Dip in E:\NEW_DATA\Project\RCC_MOTOR_NRF24L01\Sheet1.SchDoc with Cap-Non-Dip from Library.IntLib
Replace Part C14 Cap-Pol-Dip in E:\NEW_DATA\Project\RCC_MOTOR_NRF24L01\Sheet1.SchDoc with Cap-Pol-Dip from Library.IntLib
Replace Part C15 Cap-Non-Dip in E:\NEW_DATA\Project\RCC_MOTOR_NRF24L01\Sheet1.SchDoc with Cap-Non-Dip from Library.IntLib
Replace Part C16 Cap-Pol-Dip in E:\NEW_DATA\Project\RCC_MOTOR_NRF24L01\Sheet1.SchDoc with Cap-Pol-Dip from Library.IntLib
Replace Part C17 Cap-Pol-Dip in E:\NEW_DATA\Project\RCC_MOTOR_NRF24L01\Sheet1.SchDoc with Cap-Pol-Dip from Library.IntLib
Replace Part C18 Cap-Non-Dip in E:\NEW_DATA\Project\RCC_MOTOR_NRF24L01\Sheet1.SchDoc with Cap-Non-Dip from Library.IntLib
Replace Part C19 Cap-Pol-Dip in E:\NEW_DATA\Project\RCC_MOTOR_NRF24L01\Sheet1.SchDoc with Cap-Pol-Dip from Library.IntLib
Replace Part C20 Cap-Non-Dip in E:\NEW_DATA\Project\RCC_MOTOR_NRF24L01\Sheet1.SchDoc with Cap-Non-Dip from Library.IntLib
Replace Part C21 Cap-Pol-Dip in E:\NEW_DATA\Project\RCC_MOTOR_NRF24L01\Sheet1.SchDoc with Cap-Pol-Dip from Library.IntLib
Replace Part CN1 Header 2 in E:\NEW_DATA\Project\RCC_MOTOR_NRF24L01\Sheet1.SchDoc with Header 2 from Library.IntLib
Replace Part CN2 Header 2 in E:\NEW_DATA\Project\RCC_MOTOR_NRF24L01\Sheet1.SchDoc with Header 2 from Library.IntLib
Replace Part CN3 JP3x1 in E:\NEW_DATA\Project\RCC_MOTOR_NRF24L01\Sheet1.SchDoc with JP3x1 from Library.IntLib
Replace Part CN4 Header 2 in E:\NEW_DATA\Project\RCC_MOTOR_NRF24L01\Sheet1.SchDoc with Header 2 from Library.IntLib
Replace Part CN5 Header 8 in E:\NEW_DATA\Project\RCC_MOTOR_NRF24L01\Sheet1.SchDoc with Header 8 from Library.IntLib
Replace Part CN6 KF 2 in E:\NEW_DATA\Project\RCC_MOTOR_NRF24L01\Sheet1.SchDoc with KF 2 from Library.IntLib
Replace Part D1 Diode SMD in E:\NEW_DATA\Project\RCC_MOTOR_NRF24L01\Sheet1.SchDoc with Diode SMD from Library.IntLib
Replace Part D2 Diode SMD in E:\NEW_DATA\Project\RCC_MOTOR_NRF24L01\Sheet1.SchDoc with Diode SMD from Library.IntLib
Replace Part D3 Diode SMD in E:\NEW_DATA\Project\RCC_MOTOR_NRF24L01\Sheet1.SchDoc with Diode SMD from Library.IntLib
Replace Part D4 Diode SMD in E:\NEW_DATA\Project\RCC_MOTOR_NRF24L01\Sheet1.SchDoc with Diode SMD from Library.IntLib
Replace Part F1 Fuse Dip in E:\NEW_DATA\Project\RCC_MOTOR_NRF24L01\Sheet1.SchDoc with Fuse Dip from Library.IntLib
Replace Part IC1 74595 in E:\NEW_DATA\Project\RCC_MOTOR_NRF24L01\Sheet1.SchDoc with 74595 from ICs And Semiconductors.DbLib
Replace Part IC2 Optocoupler Type7 in E:\NEW_DATA\Project\RCC_MOTOR_NRF24L01\Sheet1.SchDoc with Optocoupler Type7 from ICs And Semiconductors.DbLib
Replace Part IC3 7414 in E:\NEW_DATA\Project\RCC_MOTOR_NRF24L01\Sheet1.SchDoc with 7414 from ICs And Semiconductors.DbLib
Replace Part IC3 7414 in E:\NEW_DATA\Project\RCC_MOTOR_NRF24L01\Sheet1.SchDoc with 7414 from ICs And Semiconductors.DbLib
Replace Part IC3 7414 in E:\NEW_DATA\Project\RCC_MOTOR_NRF24L01\Sheet1.SchDoc with 7414 from ICs And Semiconductors.DbLib
Replace Part IC3 7414 in E:\NEW_DATA\Project\RCC_MOTOR_NRF24L01\Sheet1.SchDoc with 7414 from ICs And Semiconductors.DbLib
Replace Part IC3 7414 in E:\NEW_DATA\Project\RCC_MOTOR_NRF24L01\Sheet1.SchDoc with 7414 from ICs And Semiconductors.DbLib
Replace Part IC3 7414 in E:\NEW_DATA\Project\RCC_MOTOR_NRF24L01\Sheet1.SchDoc with 7414 from ICs And Semiconductors.DbLib
Replace Part IC4 Optocoupler Type7 in E:\NEW_DATA\Project\RCC_MOTOR_NRF24L01\Sheet1.SchDoc with Optocoupler Type7 from ICs And Semiconductors.DbLib
Replace Part IC5 Optocoupler Type7 in E:\NEW_DATA\Project\RCC_MOTOR_NRF24L01\Sheet1.SchDoc with Optocoupler Type7 from ICs And Semiconductors.DbLib
Replace Part IC6 Optocoupler Type7 in E:\NEW_DATA\Project\RCC_MOTOR_NRF24L01\Sheet1.SchDoc with Optocoupler Type7 from ICs And Semiconductors.DbLib
Replace Part IC7 74595 in E:\NEW_DATA\Project\RCC_MOTOR_NRF24L01\Sheet1.SchDoc with 74595 from ICs And Semiconductors.DbLib
Replace Part IC8 Optocoupler Type7 in E:\NEW_DATA\Project\RCC_MOTOR_NRF24L01\Sheet1.SchDoc with Optocoupler Type7 from ICs And Semiconductors.DbLib
Replace Part IC9 Optocoupler Type7 in E:\NEW_DATA\Project\RCC_MOTOR_NRF24L01\Sheet1.SchDoc with Optocoupler Type7 from ICs And Semiconductors.DbLib
Replace Part IC10 Optocoupler Type7 in E:\NEW_DATA\Project\RCC_MOTOR_NRF24L01\Sheet1.SchDoc with Optocoupler Type7 from ICs And Semiconductors.DbLib
Replace Part IC11 7414 in E:\NEW_DATA\Project\RCC_MOTOR_NRF24L01\Sheet1.SchDoc with 7414 from ICs And Semiconductors.DbLib
Replace Part IC11 7414 in E:\NEW_DATA\Project\RCC_MOTOR_NRF24L01\Sheet1.SchDoc with 7414 from ICs And Semiconductors.DbLib
Replace Part IC12 Optocoupler Type7 in E:\NEW_DATA\Project\RCC_MOTOR_NRF24L01\Sheet1.SchDoc with Optocoupler Type7 from ICs And Semiconductors.DbLib
Replace Part L1 IND-DIP-1 in E:\NEW_DATA\Project\RCC_MOTOR_NRF24L01\Sheet1.SchDoc with IND-DIP-1 from Library.IntLib
Replace Part LED1 LED in E:\NEW_DATA\Project\RCC_MOTOR_NRF24L01\Sheet1.SchDoc with LED from Library.IntLib
Replace Part LED2 LED in E:\NEW_DATA\Project\RCC_MOTOR_NRF24L01\Sheet1.SchDoc with LED from Library.IntLib
Replace Part LED3 LED in E:\NEW_DATA\Project\RCC_MOTOR_NRF24L01\Sheet1.SchDoc with LED from Library.IntLib
Replace Part M1 OV7670 in E:\NEW_DATA\Project\RCC_MOTOR_NRF24L01\Sheet1.SchDoc with OV7670 from TOAN_VERSION_1_0.IntLib
Replace Part M2 NRF24L01 in E:\NEW_DATA\Project\RCC_MOTOR_NRF24L01\Sheet1.SchDoc with NRF24L01 from TOAN_VERSION_1_0.IntLib
Replace Part Q1 NPN B1 E2 C3 in E:\NEW_DATA\Project\RCC_MOTOR_NRF24L01\Sheet1.SchDoc with NPN B1 E2 C3 from ICs And Semiconductors.DbLib
Replace Part R1 Res 1/4W in E:\NEW_DATA\Project\RCC_MOTOR_NRF24L01\Sheet1.SchDoc with Res 1/4W from Library.IntLib
Replace Part R2 Res 1/4W in E:\NEW_DATA\Project\RCC_MOTOR_NRF24L01\Sheet1.SchDoc with Res 1/4W from Library.IntLib
Replace Part R3 Res 1/4W in E:\NEW_DATA\Project\RCC_MOTOR_NRF24L01\Sheet1.SchDoc with Res 1/4W from Library.IntLib
Replace Part R4 Res 1/4W in E:\NEW_DATA\Project\RCC_MOTOR_NRF24L01\Sheet1.SchDoc with Res 1/4W from Library.IntLib
Replace Part R5 Res 1/4W in E:\NEW_DATA\Project\RCC_MOTOR_NRF24L01\Sheet1.SchDoc with Res 1/4W from Library.IntLib
Replace Part R6 Res 1/4W in E:\NEW_DATA\Project\RCC_MOTOR_NRF24L01\Sheet1.SchDoc with Res 1/4W from Library.IntLib
Replace Part R7 Res 1/4W in E:\NEW_DATA\Project\RCC_MOTOR_NRF24L01\Sheet1.SchDoc with Res 1/4W from Library.IntLib
Replace Part R8 Res 1/4W in E:\NEW_DATA\Project\RCC_MOTOR_NRF24L01\Sheet1.SchDoc with Res 1/4W from Library.IntLib
Replace Part R9 Res 1/4W in E:\NEW_DATA\Project\RCC_MOTOR_NRF24L01\Sheet1.SchDoc with Res 1/4W from Library.IntLib
Replace Part R10 Res 1/4W in E:\NEW_DATA\Project\RCC_MOTOR_NRF24L01\Sheet1.SchDoc with Res 1/4W from Library.IntLib
Replace Part R11 Res 1/4W in E:\NEW_DATA\Project\RCC_MOTOR_NRF24L01\Sheet1.SchDoc with Res 1/4W from Library.IntLib
Replace Part R12 Res 1/4W in E:\NEW_DATA\Project\RCC_MOTOR_NRF24L01\Sheet1.SchDoc with Res 1/4W from Library.IntLib
Replace Part R13 Res 1/4W in E:\NEW_DATA\Project\RCC_MOTOR_NRF24L01\Sheet1.SchDoc with Res 1/4W from Library.IntLib
Replace Part R14 Res 1/4W in E:\NEW_DATA\Project\RCC_MOTOR_NRF24L01\Sheet1.SchDoc with Res 1/4W from Library.IntLib
Replace Part R15 Res 1/4W in E:\NEW_DATA\Project\RCC_MOTOR_NRF24L01\Sheet1.SchDoc with Res 1/4W from Library.IntLib
Replace Part R16 Res 1/4W in E:\NEW_DATA\Project\RCC_MOTOR_NRF24L01\Sheet1.SchDoc with Res 1/4W from Library.IntLib
Replace Part R17 Res 1/4W in E:\NEW_DATA\Project\RCC_MOTOR_NRF24L01\Sheet1.SchDoc with Res 1/4W from Library.IntLib
Replace Part R18 Res 1/4W in E:\NEW_DATA\Project\RCC_MOTOR_NRF24L01\Sheet1.SchDoc with Res 1/4W from Library.IntLib
Replace Part R19 Res 1/4W in E:\NEW_DATA\Project\RCC_MOTOR_NRF24L01\Sheet1.SchDoc with Res 1/4W from Library.IntLib
Replace Part R20 Res 1/4W in E:\NEW_DATA\Project\RCC_MOTOR_NRF24L01\Sheet1.SchDoc with Res 1/4W from Library.IntLib
Replace Part R21 Res 1/4W in E:\NEW_DATA\Project\RCC_MOTOR_NRF24L01\Sheet1.SchDoc with Res 1/4W from Library.IntLib
Replace Part U1 ESP32-DEVKIT-V1 in E:\NEW_DATA\Project\RCC_MOTOR_NRF24L01\Sheet1.SchDoc with ESP32-DEVKIT-V1 from TOAN_VERSION_1_0.IntLib
Replace Part U2 L298N in E:\NEW_DATA\Project\RCC_MOTOR_NRF24L01\Sheet1.SchDoc with L298N from TOAN_VERSION_1_0.IntLib
Replace Part U3 LM2596_MODULE in E:\NEW_DATA\Project\RCC_MOTOR_NRF24L01\Sheet1.SchDoc with LM2596_MODULE from TOAN_VERSION_1_0.IntLib
